[2026-03-28T21:15:34.870+0000] {taskinstance.py:1956} INFO - Dependencies all met for dep_context=non-requeueable deps ti=<TaskInstance: aerologix_opensky_to_gcs_v2.extract_data scheduled__2026-03-20T00:00:00+00:00 [queued]>
[2026-03-28T21:15:34.873+0000] {taskinstance.py:1956} INFO - Dependencies all met for dep_context=requeueable deps ti=<TaskInstance: aerologix_opensky_to_gcs_v2.extract_data scheduled__2026-03-20T00:00:00+00:00 [queued]>
[2026-03-28T21:15:34.873+0000] {taskinstance.py:2170} INFO - Starting attempt 4 of 4
[2026-03-28T21:15:34.880+0000] {taskinstance.py:2191} INFO - Executing <Task(PythonOperator): extract_data> on 2026-03-20 00:00:00+00:00
[2026-03-28T21:15:34.888+0000] {standard_task_runner.py:60} INFO - Started process 952 to run task
[2026-03-28T21:15:34.892+0000] {standard_task_runner.py:87} INFO - Running: ['***', 'tasks', 'run', 'aerologix_opensky_to_gcs_v2', 'extract_data', 'scheduled__2026-03-20T00:00:00+00:00', '--job-id', '30', '--raw', '--subdir', 'DAGS_FOLDER/opensky_to_gcs.py', '--cfg-path', '/tmp/tmp2s2yx5fm']
[2026-03-28T21:15:34.894+0000] {standard_task_runner.py:88} INFO - Job 30: Subtask extract_data
[2026-03-28T21:15:34.929+0000] {task_command.py:423} INFO - Running <TaskInstance: aerologix_opensky_to_gcs_v2.extract_data scheduled__2026-03-20T00:00:00+00:00 [running]> on host 8764bcae9c59
[2026-03-28T21:15:34.972+0000] {taskinstance.py:2480} INFO - Exporting env vars: AIRFLOW_CTX_DAG_OWNER='***' AIRFLOW_CTX_DAG_ID='aerologix_opensky_to_gcs_v2' AIRFLOW_CTX_TASK_ID='extract_data' AIRFLOW_CTX_EXECUTION_DATE='2026-03-20T00:00:00+00:00' AIRFLOW_CTX_TRY_NUMBER='4' AIRFLOW_CTX_DAG_RUN_ID='scheduled__2026-03-20T00:00:00+00:00'
[2026-03-28T21:15:34.975+0000] {logging_mixin.py:188} INFO - Attempting API Access with Client ID: aronearokiasami@gmail.com-api-client
[2026-03-28T21:15:35.625+0000] {logging_mixin.py:188} INFO - ❌ API Rejected Credentials. Status: 403
[2026-03-28T21:15:35.627+0000] {logging_mixin.py:188} INFO - Response Body: You cannot access historical flights
[2026-03-28T21:15:35.627+0000] {logging_mixin.py:188} INFO - Task Failed: OpenSky API Error: 403
[2026-03-28T21:15:35.628+0000] {taskinstance.py:2698} ERROR - Task failed with exception
Traceback (most recent call last):
  File "/home/airflow/.local/lib/python3.10/site-packages/airflow/models/taskinstance.py", line 433, in _execute_task
    result = execute_callable(context=context, **execute_callable_kwargs)
  File "/home/airflow/.local/lib/python3.10/site-packages/airflow/operators/python.py", line 199, in execute
    return_value = self.execute_callable()
  File "/home/airflow/.local/lib/python3.10/site-packages/airflow/operators/python.py", line 216, in execute_callable
    return self.python_callable(*self.op_args, **self.op_kwargs)
  File "/opt/airflow/dags/opensky_to_gcs.py", line 41, in fetch_opensky_data
    raise ValueError(f"OpenSky API Error: {response.status_code}")
ValueError: OpenSky API Error: 403
[2026-03-28T21:15:35.655+0000] {taskinstance.py:1138} INFO - Marking task as FAILED. dag_id=aerologix_opensky_to_gcs_v2, task_id=extract_data, execution_date=20260320T000000, start_date=20260328T211534, end_date=20260328T211535
[2026-03-28T21:15:35.668+0000] {standard_task_runner.py:107} ERROR - Failed to execute job 30 for task extract_data (OpenSky API Error: 403; 952)
[2026-03-28T21:15:35.696+0000] {local_task_job_runner.py:234} INFO - Task exited with return code 1
[2026-03-28T21:15:35.715+0000] {taskinstance.py:3280} INFO - 0 downstream tasks scheduled from follow-on schedule check
