[2026-03-30T03:40:37.520+0000] {taskinstance.py:1956} INFO - Dependencies all met for dep_context=non-requeueable deps ti=<TaskInstance: aerologix_opensky_to_gcs_v2.upload_to_gcs scheduled__2026-03-27T00:00:00+00:00 [queued]>
[2026-03-30T03:40:37.525+0000] {taskinstance.py:1956} INFO - Dependencies all met for dep_context=requeueable deps ti=<TaskInstance: aerologix_opensky_to_gcs_v2.upload_to_gcs scheduled__2026-03-27T00:00:00+00:00 [queued]>
[2026-03-30T03:40:37.525+0000] {taskinstance.py:2170} INFO - Starting attempt 5 of 5
[2026-03-30T03:40:37.531+0000] {taskinstance.py:2191} INFO - Executing <Task(LocalFilesystemToGCSOperator): upload_to_gcs> on 2026-03-27 00:00:00+00:00
[2026-03-30T03:40:37.539+0000] {standard_task_runner.py:60} INFO - Started process 213 to run task
[2026-03-30T03:40:37.549+0000] {standard_task_runner.py:87} INFO - Running: ['***', 'tasks', 'run', 'aerologix_opensky_to_gcs_v2', 'upload_to_gcs', 'scheduled__2026-03-27T00:00:00+00:00', '--job-id', '43', '--raw', '--subdir', 'DAGS_FOLDER/opensky_to_gcs.py', '--cfg-path', '/tmp/tmpsi_6q3lb']
[2026-03-30T03:40:37.553+0000] {standard_task_runner.py:88} INFO - Job 43: Subtask upload_to_gcs
[2026-03-30T03:40:37.645+0000] {task_command.py:423} INFO - Running <TaskInstance: aerologix_opensky_to_gcs_v2.upload_to_gcs scheduled__2026-03-27T00:00:00+00:00 [running]> on host a4ce373882b1
[2026-03-30T03:40:37.736+0000] {taskinstance.py:2480} INFO - Exporting env vars: AIRFLOW_CTX_DAG_OWNER='***' AIRFLOW_CTX_DAG_ID='aerologix_opensky_to_gcs_v2' AIRFLOW_CTX_TASK_ID='upload_to_gcs' AIRFLOW_CTX_EXECUTION_DATE='2026-03-27T00:00:00+00:00' AIRFLOW_CTX_TRY_NUMBER='5' AIRFLOW_CTX_DAG_RUN_ID='scheduled__2026-03-27T00:00:00+00:00'
[2026-03-30T03:40:37.746+0000] {crypto.py:82} WARNING - empty cryptography key - values will not be stored encrypted.
[2026-03-30T03:40:37.747+0000] {connection.py:234} WARNING - Connection schemes (type: google_cloud_platform) shall not contain '_' according to RFC3986.
[2026-03-30T03:40:37.748+0000] {base.py:83} INFO - Using connection ID 'google_cloud_default' for task execution.
[2026-03-30T03:40:37.749+0000] {taskinstance.py:2698} ERROR - Task failed with exception
Traceback (most recent call last):
  File "/home/airflow/.local/lib/python3.10/site-packages/airflow/models/taskinstance.py", line 433, in _execute_task
    result = execute_callable(context=context, **execute_callable_kwargs)
  File "/home/airflow/.local/lib/python3.10/site-packages/airflow/providers/google/cloud/transfers/local_to_gcs.py", line 97, in execute
    raise FileNotFoundError(self.src)
FileNotFoundError: /tmp/live_arrivals_2026-03-27.parquet
[2026-03-30T03:40:37.753+0000] {taskinstance.py:1138} INFO - Marking task as FAILED. dag_id=aerologix_opensky_to_gcs_v2, task_id=upload_to_gcs, execution_date=20260327T000000, start_date=20260330T034037, end_date=20260330T034037
[2026-03-30T03:40:37.761+0000] {standard_task_runner.py:107} ERROR - Failed to execute job 43 for task upload_to_gcs (/tmp/live_arrivals_2026-03-27.parquet; 213)
[2026-03-30T03:40:37.773+0000] {local_task_job_runner.py:234} INFO - Task exited with return code 1
[2026-03-30T03:40:37.784+0000] {taskinstance.py:3280} INFO - 0 downstream tasks scheduled from follow-on schedule check
