[2026-03-30T04:11:10.788+0000] {taskinstance.py:1956} INFO - Dependencies all met for dep_context=non-requeueable deps ti=<TaskInstance: aerologix_opensky_to_gcs_v2.upload_to_gcs scheduled__2026-03-27T00:00:00+00:00 [queued]>
[2026-03-30T04:11:10.791+0000] {taskinstance.py:1956} INFO - Dependencies all met for dep_context=requeueable deps ti=<TaskInstance: aerologix_opensky_to_gcs_v2.upload_to_gcs scheduled__2026-03-27T00:00:00+00:00 [queued]>
[2026-03-30T04:11:10.791+0000] {taskinstance.py:2170} INFO - Starting attempt 6 of 6
[2026-03-30T04:11:10.795+0000] {taskinstance.py:2191} INFO - Executing <Task(LocalFilesystemToGCSOperator): upload_to_gcs> on 2026-03-27 00:00:00+00:00
[2026-03-30T04:11:10.815+0000] {standard_task_runner.py:60} INFO - Started process 213 to run task
[2026-03-30T04:11:10.840+0000] {standard_task_runner.py:87} INFO - Running: ['***', 'tasks', 'run', 'aerologix_opensky_to_gcs_v2', 'upload_to_gcs', 'scheduled__2026-03-27T00:00:00+00:00', '--job-id', '47', '--raw', '--subdir', 'DAGS_FOLDER/opensky_to_gcs.py', '--cfg-path', '/tmp/tmptv4pont0']
[2026-03-30T04:11:10.868+0000] {standard_task_runner.py:88} INFO - Job 47: Subtask upload_to_gcs
[2026-03-30T04:11:11.109+0000] {task_command.py:423} INFO - Running <TaskInstance: aerologix_opensky_to_gcs_v2.upload_to_gcs scheduled__2026-03-27T00:00:00+00:00 [running]> on host 51aa74fcd220
[2026-03-30T04:11:11.251+0000] {taskinstance.py:2480} INFO - Exporting env vars: AIRFLOW_CTX_DAG_OWNER='***' AIRFLOW_CTX_DAG_ID='aerologix_opensky_to_gcs_v2' AIRFLOW_CTX_TASK_ID='upload_to_gcs' AIRFLOW_CTX_EXECUTION_DATE='2026-03-27T00:00:00+00:00' AIRFLOW_CTX_TRY_NUMBER='6' AIRFLOW_CTX_DAG_RUN_ID='scheduled__2026-03-27T00:00:00+00:00'
[2026-03-30T04:11:11.263+0000] {crypto.py:82} WARNING - empty cryptography key - values will not be stored encrypted.
[2026-03-30T04:11:11.264+0000] {connection.py:234} WARNING - Connection schemes (type: google_cloud_platform) shall not contain '_' according to RFC3986.
[2026-03-30T04:11:11.266+0000] {base.py:83} INFO - Using connection ID 'google_cloud_default' for task execution.
[2026-03-30T04:11:11.268+0000] {taskinstance.py:2698} ERROR - Task failed with exception
Traceback (most recent call last):
  File "/home/airflow/.local/lib/python3.10/site-packages/airflow/models/taskinstance.py", line 433, in _execute_task
    result = execute_callable(context=context, **execute_callable_kwargs)
  File "/home/airflow/.local/lib/python3.10/site-packages/airflow/providers/google/cloud/transfers/local_to_gcs.py", line 97, in execute
    raise FileNotFoundError(self.src)
FileNotFoundError: /tmp/live_arrivals_2026-03-27.parquet
[2026-03-30T04:11:11.287+0000] {taskinstance.py:1138} INFO - Marking task as FAILED. dag_id=aerologix_opensky_to_gcs_v2, task_id=upload_to_gcs, execution_date=20260327T000000, start_date=20260330T041110, end_date=20260330T041111
[2026-03-30T04:11:11.302+0000] {standard_task_runner.py:107} ERROR - Failed to execute job 47 for task upload_to_gcs (/tmp/live_arrivals_2026-03-27.parquet; 213)
[2026-03-30T04:11:11.349+0000] {local_task_job_runner.py:234} INFO - Task exited with return code 1
[2026-03-30T04:11:11.363+0000] {taskinstance.py:3280} INFO - 0 downstream tasks scheduled from follow-on schedule check
