[2026-03-28T21:28:24.923+0000] {taskinstance.py:1956} INFO - Dependencies all met for dep_context=non-requeueable deps ti=<TaskInstance: aerologix_opensky_to_gcs_v2.upload_to_gcs scheduled__2026-03-27T00:00:00+00:00 [queued]>
[2026-03-28T21:28:24.926+0000] {taskinstance.py:1956} INFO - Dependencies all met for dep_context=requeueable deps ti=<TaskInstance: aerologix_opensky_to_gcs_v2.upload_to_gcs scheduled__2026-03-27T00:00:00+00:00 [queued]>
[2026-03-28T21:28:24.926+0000] {taskinstance.py:2170} INFO - Starting attempt 1 of 1
[2026-03-28T21:28:24.934+0000] {taskinstance.py:2191} INFO - Executing <Task(LocalFilesystemToGCSOperator): upload_to_gcs> on 2026-03-27 00:00:00+00:00
[2026-03-28T21:28:24.958+0000] {standard_task_runner.py:60} INFO - Started process 1156 to run task
[2026-03-28T21:28:24.962+0000] {standard_task_runner.py:87} INFO - Running: ['***', 'tasks', 'run', 'aerologix_opensky_to_gcs_v2', 'upload_to_gcs', 'scheduled__2026-03-27T00:00:00+00:00', '--job-id', '36', '--raw', '--subdir', 'DAGS_FOLDER/opensky_to_gcs.py', '--cfg-path', '/tmp/tmpoituxemi']
[2026-03-28T21:28:24.965+0000] {standard_task_runner.py:88} INFO - Job 36: Subtask upload_to_gcs
[2026-03-28T21:28:25.017+0000] {task_command.py:423} INFO - Running <TaskInstance: aerologix_opensky_to_gcs_v2.upload_to_gcs scheduled__2026-03-27T00:00:00+00:00 [running]> on host 8764bcae9c59
[2026-03-28T21:28:25.063+0000] {taskinstance.py:2480} INFO - Exporting env vars: AIRFLOW_CTX_DAG_OWNER='***' AIRFLOW_CTX_DAG_ID='aerologix_opensky_to_gcs_v2' AIRFLOW_CTX_TASK_ID='upload_to_gcs' AIRFLOW_CTX_EXECUTION_DATE='2026-03-27T00:00:00+00:00' AIRFLOW_CTX_TRY_NUMBER='1' AIRFLOW_CTX_DAG_RUN_ID='scheduled__2026-03-27T00:00:00+00:00'
[2026-03-28T21:28:25.065+0000] {connection.py:234} WARNING - Connection schemes (type: google_cloud) shall not contain '_' according to RFC3986.
[2026-03-28T21:28:25.065+0000] {base.py:83} INFO - Using connection ID 'google_cloud_default' for task execution.
[2026-03-28T21:28:25.065+0000] {credentials_provider.py:353} INFO - Getting connection using `google.auth.default()` since no explicit credentials are provided.
[2026-03-28T21:28:28.073+0000] {_metadata.py:139} WARNING - Compute Engine Metadata server unavailable on attempt 1 of 3. Reason: timed out
[2026-03-28T21:28:31.079+0000] {_metadata.py:139} WARNING - Compute Engine Metadata server unavailable on attempt 2 of 3. Reason: timed out
[2026-03-28T21:28:31.087+0000] {_metadata.py:139} WARNING - Compute Engine Metadata server unavailable on attempt 3 of 3. Reason: [Errno 111] Connection refused
[2026-03-28T21:28:31.089+0000] {_default.py:338} WARNING - Authentication failed using Compute Engine authentication due to unavailable metadata server.
[2026-03-28T21:28:31.091+0000] {taskinstance.py:2698} ERROR - Task failed with exception
Traceback (most recent call last):
  File "/home/airflow/.local/lib/python3.10/site-packages/airflow/models/taskinstance.py", line 433, in _execute_task
    result = execute_callable(context=context, **execute_callable_kwargs)
  File "/home/airflow/.local/lib/python3.10/site-packages/airflow/providers/google/cloud/transfers/local_to_gcs.py", line 110, in execute
    hook.upload(
  File "/home/airflow/.local/lib/python3.10/site-packages/airflow/providers/google/cloud/hooks/gcs.py", line 523, in upload
    client = self.get_conn()
  File "/home/airflow/.local/lib/python3.10/site-packages/airflow/providers/google/cloud/hooks/gcs.py", line 166, in get_conn
    credentials=self.get_credentials(), client_info=CLIENT_INFO, project=self.project_id
  File "/home/airflow/.local/lib/python3.10/site-packages/airflow/providers/google/common/hooks/base_google.py", line 298, in get_credentials
    credentials, _ = self.get_credentials_and_project_id()
  File "/home/airflow/.local/lib/python3.10/site-packages/airflow/providers/google/common/hooks/base_google.py", line 275, in get_credentials_and_project_id
    credentials, project_id = get_credentials_and_project_id(
  File "/home/airflow/.local/lib/python3.10/site-packages/airflow/providers/google/cloud/utils/credentials_provider.py", line 362, in get_credentials_and_project_id
    return _CredentialProvider(*args, **kwargs).get_credentials_and_project()
  File "/home/airflow/.local/lib/python3.10/site-packages/airflow/providers/google/cloud/utils/credentials_provider.py", line 243, in get_credentials_and_project
    credentials, project_id = self._get_credentials_using_adc()
  File "/home/airflow/.local/lib/python3.10/site-packages/airflow/providers/google/cloud/utils/credentials_provider.py", line 348, in _get_credentials_using_adc
    credentials, project_id = google.auth.default(scopes=self.scopes)
  File "/home/airflow/.local/lib/python3.10/site-packages/google/auth/_default.py", line 691, in default
    raise exceptions.DefaultCredentialsError(_CLOUD_SDK_MISSING_CREDENTIALS)
google.auth.exceptions.DefaultCredentialsError: Your default credentials were not found. To set up Application Default Credentials, see https://cloud.google.com/docs/authentication/external/set-up-adc for more information.
[2026-03-28T21:28:31.124+0000] {taskinstance.py:1138} INFO - Marking task as FAILED. dag_id=aerologix_opensky_to_gcs_v2, task_id=upload_to_gcs, execution_date=20260327T000000, start_date=20260328T212824, end_date=20260328T212831
[2026-03-28T21:28:31.133+0000] {standard_task_runner.py:107} ERROR - Failed to execute job 36 for task upload_to_gcs (Your default credentials were not found. To set up Application Default Credentials, see https://cloud.google.com/docs/authentication/external/set-up-adc for more information.; 1156)
[2026-03-28T21:28:31.160+0000] {local_task_job_runner.py:234} INFO - Task exited with return code 1
[2026-03-28T21:28:31.185+0000] {taskinstance.py:3280} INFO - 0 downstream tasks scheduled from follow-on schedule check
