[2026-03-28T21:23:00.869+0000] {taskinstance.py:1956} INFO - Dependencies all met for dep_context=non-requeueable deps ti=<TaskInstance: aerologix_opensky_to_gcs_v2.extract_data scheduled__2026-03-24T00:00:00+00:00 [queued]>
[2026-03-28T21:23:00.874+0000] {taskinstance.py:1956} INFO - Dependencies all met for dep_context=requeueable deps ti=<TaskInstance: aerologix_opensky_to_gcs_v2.extract_data scheduled__2026-03-24T00:00:00+00:00 [queued]>
[2026-03-28T21:23:00.874+0000] {taskinstance.py:2170} INFO - Starting attempt 3 of 3
[2026-03-28T21:23:00.882+0000] {taskinstance.py:2191} INFO - Executing <Task(PythonOperator): extract_data> on 2026-03-24 00:00:00+00:00
[2026-03-28T21:23:00.890+0000] {standard_task_runner.py:60} INFO - Started process 1060 to run task
[2026-03-28T21:23:00.911+0000] {standard_task_runner.py:87} INFO - Running: ['***', 'tasks', 'run', 'aerologix_opensky_to_gcs_v2', 'extract_data', 'scheduled__2026-03-24T00:00:00+00:00', '--job-id', '32', '--raw', '--subdir', 'DAGS_FOLDER/opensky_to_gcs.py', '--cfg-path', '/tmp/tmptxgs6zwy']
[2026-03-28T21:23:00.913+0000] {standard_task_runner.py:88} INFO - Job 32: Subtask extract_data
[2026-03-28T21:23:00.942+0000] {task_command.py:423} INFO - Running <TaskInstance: aerologix_opensky_to_gcs_v2.extract_data scheduled__2026-03-24T00:00:00+00:00 [running]> on host 8764bcae9c59
[2026-03-28T21:23:00.992+0000] {taskinstance.py:2480} INFO - Exporting env vars: AIRFLOW_CTX_DAG_OWNER='***' AIRFLOW_CTX_DAG_ID='aerologix_opensky_to_gcs_v2' AIRFLOW_CTX_TASK_ID='extract_data' AIRFLOW_CTX_EXECUTION_DATE='2026-03-24T00:00:00+00:00' AIRFLOW_CTX_TRY_NUMBER='3' AIRFLOW_CTX_DAG_RUN_ID='scheduled__2026-03-24T00:00:00+00:00'
[2026-03-28T21:23:00.994+0000] {logging_mixin.py:188} INFO - Requesting historical arrivals for 2026-03-24...
[2026-03-28T21:23:01.584+0000] {logging_mixin.py:188} INFO - ❌ Status 403: You cannot access historical flights
[2026-03-28T21:23:01.585+0000] {logging_mixin.py:188} INFO - Task Error: OpenSky rejection: You cannot access historical flights
[2026-03-28T21:23:01.586+0000] {taskinstance.py:2698} ERROR - Task failed with exception
Traceback (most recent call last):
  File "/home/airflow/.local/lib/python3.10/site-packages/airflow/models/taskinstance.py", line 433, in _execute_task
    result = execute_callable(context=context, **execute_callable_kwargs)
  File "/home/airflow/.local/lib/python3.10/site-packages/airflow/operators/python.py", line 199, in execute
    return_value = self.execute_callable()
  File "/home/airflow/.local/lib/python3.10/site-packages/airflow/operators/python.py", line 216, in execute_callable
    return self.python_callable(*self.op_args, **self.op_kwargs)
  File "/opt/airflow/dags/opensky_to_gcs.py", line 44, in fetch_opensky_data
    raise ValueError(f"OpenSky rejection: {response.text}")
ValueError: OpenSky rejection: You cannot access historical flights
[2026-03-28T21:23:01.602+0000] {taskinstance.py:1138} INFO - Marking task as FAILED. dag_id=aerologix_opensky_to_gcs_v2, task_id=extract_data, execution_date=20260324T000000, start_date=20260328T212300, end_date=20260328T212301
[2026-03-28T21:23:01.612+0000] {standard_task_runner.py:107} ERROR - Failed to execute job 32 for task extract_data (OpenSky rejection: You cannot access historical flights; 1060)
[2026-03-28T21:23:01.637+0000] {local_task_job_runner.py:234} INFO - Task exited with return code 1
[2026-03-28T21:23:01.653+0000] {taskinstance.py:3280} INFO - 0 downstream tasks scheduled from follow-on schedule check
