[2026-03-28T21:09:10.120+0000] {taskinstance.py:1956} INFO - Dependencies all met for dep_context=non-requeueable deps ti=<TaskInstance: aerologix_opensky_to_gcs_v2.extract_data scheduled__2026-03-24T00:00:00+00:00 [queued]>
[2026-03-28T21:09:10.123+0000] {taskinstance.py:1956} INFO - Dependencies all met for dep_context=requeueable deps ti=<TaskInstance: aerologix_opensky_to_gcs_v2.extract_data scheduled__2026-03-24T00:00:00+00:00 [queued]>
[2026-03-28T21:09:10.123+0000] {taskinstance.py:2170} INFO - Starting attempt 2 of 2
[2026-03-28T21:09:10.127+0000] {taskinstance.py:2191} INFO - Executing <Task(PythonOperator): extract_data> on 2026-03-24 00:00:00+00:00
[2026-03-28T21:09:10.135+0000] {standard_task_runner.py:60} INFO - Started process 796 to run task
[2026-03-28T21:09:10.137+0000] {standard_task_runner.py:87} INFO - Running: ['***', 'tasks', 'run', 'aerologix_opensky_to_gcs_v2', 'extract_data', 'scheduled__2026-03-24T00:00:00+00:00', '--job-id', '25', '--raw', '--subdir', 'DAGS_FOLDER/opensky_to_gcs.py', '--cfg-path', '/tmp/tmpas4xdglz']
[2026-03-28T21:09:10.139+0000] {standard_task_runner.py:88} INFO - Job 25: Subtask extract_data
[2026-03-28T21:09:10.174+0000] {task_command.py:423} INFO - Running <TaskInstance: aerologix_opensky_to_gcs_v2.extract_data scheduled__2026-03-24T00:00:00+00:00 [running]> on host 8764bcae9c59
[2026-03-28T21:09:10.225+0000] {taskinstance.py:2480} INFO - Exporting env vars: AIRFLOW_CTX_DAG_OWNER='***' AIRFLOW_CTX_DAG_ID='aerologix_opensky_to_gcs_v2' AIRFLOW_CTX_TASK_ID='extract_data' AIRFLOW_CTX_EXECUTION_DATE='2026-03-24T00:00:00+00:00' AIRFLOW_CTX_TRY_NUMBER='2' AIRFLOW_CTX_DAG_RUN_ID='scheduled__2026-03-24T00:00:00+00:00'
[2026-03-28T21:09:10.232+0000] {logging_mixin.py:188} INFO - Fetching data for KSFO from 1774310400 to 1774396800...
[2026-03-28T21:09:10.799+0000] {logging_mixin.py:188} INFO - ERROR: 403 Forbidden. OpenSky rejected the username or password.
[2026-03-28T21:09:10.801+0000] {logging_mixin.py:188} INFO - Request failed: Authentication Failed with OpenSky
[2026-03-28T21:09:10.803+0000] {taskinstance.py:2698} ERROR - Task failed with exception
Traceback (most recent call last):
  File "/home/airflow/.local/lib/python3.10/site-packages/airflow/models/taskinstance.py", line 433, in _execute_task
    result = execute_callable(context=context, **execute_callable_kwargs)
  File "/home/airflow/.local/lib/python3.10/site-packages/airflow/operators/python.py", line 199, in execute
    return_value = self.execute_callable()
  File "/home/airflow/.local/lib/python3.10/site-packages/airflow/operators/python.py", line 216, in execute_callable
    return self.python_callable(*self.op_args, **self.op_kwargs)
  File "/opt/airflow/dags/opensky_to_gcs.py", line 34, in fetch_opensky_data
    raise ValueError("Authentication Failed with OpenSky")
ValueError: Authentication Failed with OpenSky
[2026-03-28T21:09:10.826+0000] {taskinstance.py:1138} INFO - Marking task as FAILED. dag_id=aerologix_opensky_to_gcs_v2, task_id=extract_data, execution_date=20260324T000000, start_date=20260328T210910, end_date=20260328T210910
[2026-03-28T21:09:10.837+0000] {standard_task_runner.py:107} ERROR - Failed to execute job 25 for task extract_data (Authentication Failed with OpenSky; 796)
[2026-03-28T21:09:10.895+0000] {local_task_job_runner.py:234} INFO - Task exited with return code 1
[2026-03-28T21:09:10.929+0000] {taskinstance.py:3280} INFO - 0 downstream tasks scheduled from follow-on schedule check
