[2026-03-30T06:48:53.904+0000] {taskinstance.py:1956} INFO - Dependencies all met for dep_context=non-requeueable deps ti=<TaskInstance: aerologix_opensky_to_gcs_v2.extract_data manual__2026-03-30T06:48:51.640044+00:00 [queued]>
[2026-03-30T06:48:53.915+0000] {taskinstance.py:1956} INFO - Dependencies all met for dep_context=requeueable deps ti=<TaskInstance: aerologix_opensky_to_gcs_v2.extract_data manual__2026-03-30T06:48:51.640044+00:00 [queued]>
[2026-03-30T06:48:53.915+0000] {taskinstance.py:2170} INFO - Starting attempt 1 of 1
[2026-03-30T06:48:53.927+0000] {taskinstance.py:2191} INFO - Executing <Task(PythonOperator): extract_data> on 2026-03-30 06:48:51.640044+00:00
[2026-03-30T06:48:53.946+0000] {standard_task_runner.py:60} INFO - Started process 284 to run task
[2026-03-30T06:48:53.947+0000] {standard_task_runner.py:87} INFO - Running: ['***', 'tasks', 'run', 'aerologix_opensky_to_gcs_v2', 'extract_data', 'manual__2026-03-30T06:48:51.640044+00:00', '--job-id', '65', '--raw', '--subdir', 'DAGS_FOLDER/opensky_to_gcs.py', '--cfg-path', '/tmp/tmp26nda7rn']
[2026-03-30T06:48:53.978+0000] {standard_task_runner.py:88} INFO - Job 65: Subtask extract_data
[2026-03-30T06:48:54.318+0000] {task_command.py:423} INFO - Running <TaskInstance: aerologix_opensky_to_gcs_v2.extract_data manual__2026-03-30T06:48:51.640044+00:00 [running]> on host 74448be3b8f0
[2026-03-30T06:48:54.579+0000] {taskinstance.py:2480} INFO - Exporting env vars: AIRFLOW_CTX_DAG_OWNER='***' AIRFLOW_CTX_DAG_ID='aerologix_opensky_to_gcs_v2' AIRFLOW_CTX_TASK_ID='extract_data' AIRFLOW_CTX_EXECUTION_DATE='2026-03-30T06:48:51.640044+00:00' AIRFLOW_CTX_TRY_NUMBER='1' AIRFLOW_CTX_DAG_RUN_ID='manual__2026-03-30T06:48:51.640044+00:00'
[2026-03-30T06:48:54.591+0000] {logging_mixin.py:188} INFO - Checking KSFO for arrivals between 1774766934 and 1774849734...
[2026-03-30T06:48:55.439+0000] {logging_mixin.py:188} INFO - ❌ 403 error at KSFO: Access restricted or limit reached.
[2026-03-30T06:48:55.440+0000] {logging_mixin.py:188} INFO - Checking KJFK for arrivals between 1774766934 and 1774849734...
[2026-03-30T06:48:55.987+0000] {logging_mixin.py:188} INFO - ❌ 403 error at KJFK: Access restricted or limit reached.
[2026-03-30T06:48:55.988+0000] {logging_mixin.py:188} INFO - Checking KLAX for arrivals between 1774766934 and 1774849734...
[2026-03-30T06:48:56.574+0000] {logging_mixin.py:188} INFO - ❌ 403 error at KLAX: Access restricted or limit reached.
[2026-03-30T06:48:56.576+0000] {logging_mixin.py:188} INFO - Checking KATL for arrivals between 1774766934 and 1774849734...
[2026-03-30T06:48:57.140+0000] {logging_mixin.py:188} INFO - ❌ 403 error at KATL: Access restricted or limit reached.
[2026-03-30T06:48:57.142+0000] {logging_mixin.py:188} INFO - Checking EGLL for arrivals between 1774766934 and 1774849734...
[2026-03-30T06:48:57.700+0000] {logging_mixin.py:188} INFO - ❌ 403 error at EGLL: Access restricted or limit reached.
[2026-03-30T06:48:57.701+0000] {logging_mixin.py:188} INFO - Checking LFPG for arrivals between 1774766934 and 1774849734...
[2026-03-30T06:48:58.252+0000] {logging_mixin.py:188} INFO - ❌ 403 error at LFPG: Access restricted or limit reached.
[2026-03-30T06:48:58.252+0000] {logging_mixin.py:188} INFO - Checking EDDF for arrivals between 1774766934 and 1774849734...
[2026-03-30T06:48:58.802+0000] {logging_mixin.py:188} INFO - ❌ 403 error at EDDF: Access restricted or limit reached.
[2026-03-30T06:48:58.803+0000] {logging_mixin.py:188} INFO - Checking OMDB for arrivals between 1774766934 and 1774849734...
[2026-03-30T06:48:59.379+0000] {logging_mixin.py:188} INFO - ❌ 403 error at OMDB: Access restricted or limit reached.
[2026-03-30T06:48:59.381+0000] {logging_mixin.py:188} INFO - Checking VHHH for arrivals between 1774766934 and 1774849734...
[2026-03-30T06:48:59.946+0000] {logging_mixin.py:188} INFO - ❌ 403 error at VHHH: Access restricted or limit reached.
[2026-03-30T06:48:59.950+0000] {taskinstance.py:2360} INFO - No flights found in any airport. Skipping upload.
[2026-03-30T06:48:59.984+0000] {taskinstance.py:1138} INFO - Marking task as SKIPPED. dag_id=aerologix_opensky_to_gcs_v2, task_id=extract_data, execution_date=20260330T064851, start_date=20260330T064853, end_date=20260330T064859
[2026-03-30T06:49:00.041+0000] {local_task_job_runner.py:234} INFO - Task exited with return code 0
[2026-03-30T06:49:00.054+0000] {taskinstance.py:3280} INFO - 0 downstream tasks scheduled from follow-on schedule check
