[2026-03-28T21:08:58.098+0000] {taskinstance.py:1956} INFO - Dependencies all met for dep_context=non-requeueable deps ti=<TaskInstance: aerologix_opensky_to_gcs_v2.extract_data scheduled__2026-03-22T00:00:00+00:00 [queued]>
[2026-03-28T21:08:58.101+0000] {taskinstance.py:1956} INFO - Dependencies all met for dep_context=requeueable deps ti=<TaskInstance: aerologix_opensky_to_gcs_v2.extract_data scheduled__2026-03-22T00:00:00+00:00 [queued]>
[2026-03-28T21:08:58.102+0000] {taskinstance.py:2170} INFO - Starting attempt 2 of 2
[2026-03-28T21:08:58.109+0000] {taskinstance.py:2191} INFO - Executing <Task(PythonOperator): extract_data> on 2026-03-22 00:00:00+00:00
[2026-03-28T21:08:58.114+0000] {standard_task_runner.py:60} INFO - Started process 784 to run task
[2026-03-28T21:08:58.117+0000] {standard_task_runner.py:87} INFO - Running: ['***', 'tasks', 'run', 'aerologix_opensky_to_gcs_v2', 'extract_data', 'scheduled__2026-03-22T00:00:00+00:00', '--job-id', '23', '--raw', '--subdir', 'DAGS_FOLDER/opensky_to_gcs.py', '--cfg-path', '/tmp/tmplzlvzeb3']
[2026-03-28T21:08:58.119+0000] {standard_task_runner.py:88} INFO - Job 23: Subtask extract_data
[2026-03-28T21:08:58.149+0000] {task_command.py:423} INFO - Running <TaskInstance: aerologix_opensky_to_gcs_v2.extract_data scheduled__2026-03-22T00:00:00+00:00 [running]> on host 8764bcae9c59
[2026-03-28T21:08:58.182+0000] {taskinstance.py:2480} INFO - Exporting env vars: AIRFLOW_CTX_DAG_OWNER='***' AIRFLOW_CTX_DAG_ID='aerologix_opensky_to_gcs_v2' AIRFLOW_CTX_TASK_ID='extract_data' AIRFLOW_CTX_EXECUTION_DATE='2026-03-22T00:00:00+00:00' AIRFLOW_CTX_TRY_NUMBER='2' AIRFLOW_CTX_DAG_RUN_ID='scheduled__2026-03-22T00:00:00+00:00'
[2026-03-28T21:08:58.184+0000] {logging_mixin.py:188} INFO - Fetching data for KSFO from 1774137600 to 1774224000...
[2026-03-28T21:08:58.732+0000] {logging_mixin.py:188} INFO - ERROR: 403 Forbidden. OpenSky rejected the username or password.
[2026-03-28T21:08:58.733+0000] {logging_mixin.py:188} INFO - Request failed: Authentication Failed with OpenSky
[2026-03-28T21:08:58.733+0000] {taskinstance.py:2698} ERROR - Task failed with exception
Traceback (most recent call last):
  File "/home/airflow/.local/lib/python3.10/site-packages/airflow/models/taskinstance.py", line 433, in _execute_task
    result = execute_callable(context=context, **execute_callable_kwargs)
  File "/home/airflow/.local/lib/python3.10/site-packages/airflow/operators/python.py", line 199, in execute
    return_value = self.execute_callable()
  File "/home/airflow/.local/lib/python3.10/site-packages/airflow/operators/python.py", line 216, in execute_callable
    return self.python_callable(*self.op_args, **self.op_kwargs)
  File "/opt/airflow/dags/opensky_to_gcs.py", line 34, in fetch_opensky_data
    raise ValueError("Authentication Failed with OpenSky")
ValueError: Authentication Failed with OpenSky
[2026-03-28T21:08:58.742+0000] {taskinstance.py:1138} INFO - Marking task as FAILED. dag_id=aerologix_opensky_to_gcs_v2, task_id=extract_data, execution_date=20260322T000000, start_date=20260328T210858, end_date=20260328T210858
[2026-03-28T21:08:58.750+0000] {standard_task_runner.py:107} ERROR - Failed to execute job 23 for task extract_data (Authentication Failed with OpenSky; 784)
[2026-03-28T21:08:58.795+0000] {local_task_job_runner.py:234} INFO - Task exited with return code 1
[2026-03-28T21:08:58.826+0000] {taskinstance.py:3280} INFO - 0 downstream tasks scheduled from follow-on schedule check
