[2026-03-30T06:43:46.838+0000] {taskinstance.py:1956} INFO - Dependencies all met for dep_context=non-requeueable deps ti=<TaskInstance: aerologix_opensky_to_gcs_v2.upload_to_gcs manual__2026-03-30T04:29:13.055751+00:00 [queued]>
[2026-03-30T06:43:46.843+0000] {taskinstance.py:1956} INFO - Dependencies all met for dep_context=requeueable deps ti=<TaskInstance: aerologix_opensky_to_gcs_v2.upload_to_gcs manual__2026-03-30T04:29:13.055751+00:00 [queued]>
[2026-03-30T06:43:46.843+0000] {taskinstance.py:2170} INFO - Starting attempt 4 of 4
[2026-03-30T06:43:46.851+0000] {taskinstance.py:2191} INFO - Executing <Task(LocalFilesystemToGCSOperator): upload_to_gcs> on 2026-03-30 04:29:13.055751+00:00
[2026-03-30T06:43:46.868+0000] {standard_task_runner.py:60} INFO - Started process 207 to run task
[2026-03-30T06:43:46.875+0000] {standard_task_runner.py:87} INFO - Running: ['***', 'tasks', 'run', 'aerologix_opensky_to_gcs_v2', 'upload_to_gcs', 'manual__2026-03-30T04:29:13.055751+00:00', '--job-id', '61', '--raw', '--subdir', 'DAGS_FOLDER/opensky_to_gcs.py', '--cfg-path', '/tmp/tmpjnhupbwu']
[2026-03-30T06:43:46.892+0000] {standard_task_runner.py:88} INFO - Job 61: Subtask upload_to_gcs
[2026-03-30T06:43:46.977+0000] {task_command.py:423} INFO - Running <TaskInstance: aerologix_opensky_to_gcs_v2.upload_to_gcs manual__2026-03-30T04:29:13.055751+00:00 [running]> on host 74448be3b8f0
[2026-03-30T06:43:47.084+0000] {taskinstance.py:2480} INFO - Exporting env vars: AIRFLOW_CTX_DAG_OWNER='***' AIRFLOW_CTX_DAG_ID='aerologix_opensky_to_gcs_v2' AIRFLOW_CTX_TASK_ID='upload_to_gcs' AIRFLOW_CTX_EXECUTION_DATE='2026-03-30T04:29:13.055751+00:00' AIRFLOW_CTX_TRY_NUMBER='4' AIRFLOW_CTX_DAG_RUN_ID='manual__2026-03-30T04:29:13.055751+00:00'
[2026-03-30T06:43:47.097+0000] {connection.py:234} WARNING - Connection schemes (type: google_cloud_platform) shall not contain '_' according to RFC3986.
[2026-03-30T06:43:47.099+0000] {base.py:83} INFO - Using connection ID 'google_cloud_default' for task execution.
[2026-03-30T06:43:47.101+0000] {taskinstance.py:2698} ERROR - Task failed with exception
Traceback (most recent call last):
  File "/home/airflow/.local/lib/python3.10/site-packages/airflow/models/taskinstance.py", line 433, in _execute_task
    result = execute_callable(context=context, **execute_callable_kwargs)
  File "/home/airflow/.local/lib/python3.10/site-packages/airflow/providers/google/cloud/transfers/local_to_gcs.py", line 97, in execute
    raise FileNotFoundError(self.src)
FileNotFoundError: /tmp/live_arrivals_2026-03-30.parquet
[2026-03-30T06:43:47.112+0000] {taskinstance.py:1138} INFO - Marking task as FAILED. dag_id=aerologix_opensky_to_gcs_v2, task_id=upload_to_gcs, execution_date=20260330T042913, start_date=20260330T064346, end_date=20260330T064347
[2026-03-30T06:43:47.121+0000] {standard_task_runner.py:107} ERROR - Failed to execute job 61 for task upload_to_gcs (/tmp/live_arrivals_2026-03-30.parquet; 207)
[2026-03-30T06:43:47.138+0000] {local_task_job_runner.py:234} INFO - Task exited with return code 1
[2026-03-30T06:43:47.152+0000] {taskinstance.py:3280} INFO - 0 downstream tasks scheduled from follow-on schedule check
