[2026-03-30T07:01:28.954+0000] {taskinstance.py:1956} INFO - Dependencies all met for dep_context=non-requeueable deps ti=<TaskInstance: aerologix_opensky_to_gcs_v2.extract_data manual__2026-03-30T07:01:27.517322+00:00 [queued]>
[2026-03-30T07:01:28.957+0000] {taskinstance.py:1956} INFO - Dependencies all met for dep_context=requeueable deps ti=<TaskInstance: aerologix_opensky_to_gcs_v2.extract_data manual__2026-03-30T07:01:27.517322+00:00 [queued]>
[2026-03-30T07:01:28.957+0000] {taskinstance.py:2170} INFO - Starting attempt 1 of 1
[2026-03-30T07:01:28.961+0000] {taskinstance.py:2191} INFO - Executing <Task(PythonOperator): extract_data> on 2026-03-30 07:01:27.517322+00:00
[2026-03-30T07:01:28.972+0000] {standard_task_runner.py:60} INFO - Started process 234 to run task
[2026-03-30T07:01:28.980+0000] {standard_task_runner.py:87} INFO - Running: ['***', 'tasks', 'run', 'aerologix_opensky_to_gcs_v2', 'extract_data', 'manual__2026-03-30T07:01:27.517322+00:00', '--job-id', '70', '--raw', '--subdir', 'DAGS_FOLDER/opensky_to_gcs.py', '--cfg-path', '/tmp/tmp9yi6ik38']
[2026-03-30T07:01:28.990+0000] {standard_task_runner.py:88} INFO - Job 70: Subtask extract_data
[2026-03-30T07:01:29.025+0000] {task_command.py:423} INFO - Running <TaskInstance: aerologix_opensky_to_gcs_v2.extract_data manual__2026-03-30T07:01:27.517322+00:00 [running]> on host a9e9b944dfb9
[2026-03-30T07:01:29.076+0000] {taskinstance.py:2480} INFO - Exporting env vars: AIRFLOW_CTX_DAG_OWNER='***' AIRFLOW_CTX_DAG_ID='aerologix_opensky_to_gcs_v2' AIRFLOW_CTX_TASK_ID='extract_data' AIRFLOW_CTX_EXECUTION_DATE='2026-03-30T07:01:27.517322+00:00' AIRFLOW_CTX_TRY_NUMBER='1' AIRFLOW_CTX_DAG_RUN_ID='manual__2026-03-30T07:01:27.517322+00:00'
[2026-03-30T07:01:29.080+0000] {logging_mixin.py:188} INFO - Searching for arrivals at EDDF...
[2026-03-30T07:01:29.682+0000] {logging_mixin.py:188} INFO - ℹ️ EDDF status: 403
[2026-03-30T07:01:29.682+0000] {logging_mixin.py:188} INFO - Searching for arrivals at LSZH...
[2026-03-30T07:01:30.232+0000] {logging_mixin.py:188} INFO - ℹ️ LSZH status: 403
[2026-03-30T07:01:30.233+0000] {logging_mixin.py:188} INFO - Searching for arrivals at EHAM...
[2026-03-30T07:01:30.783+0000] {logging_mixin.py:188} INFO - ℹ️ EHAM status: 403
[2026-03-30T07:01:30.785+0000] {logging_mixin.py:188} INFO - Searching for arrivals at EGLL...
[2026-03-30T07:01:31.336+0000] {logging_mixin.py:188} INFO - ℹ️ EGLL status: 403
[2026-03-30T07:01:31.337+0000] {taskinstance.py:2360} INFO - ❌ No data found. Try increasing the 'begin' time window.
[2026-03-30T07:01:31.363+0000] {taskinstance.py:1138} INFO - Marking task as SKIPPED. dag_id=aerologix_opensky_to_gcs_v2, task_id=extract_data, execution_date=20260330T070127, start_date=20260330T070128, end_date=20260330T070131
[2026-03-30T07:01:31.429+0000] {local_task_job_runner.py:234} INFO - Task exited with return code 0
[2026-03-30T07:01:31.451+0000] {taskinstance.py:3280} INFO - 0 downstream tasks scheduled from follow-on schedule check
