[2026-03-28T18:58:41.057+0000] {taskinstance.py:1956} INFO - Dependencies all met for dep_context=non-requeueable deps ti=<TaskInstance: aerologix_opensky_to_gcs.extract_data scheduled__2026-03-27T00:00:00+00:00 [queued]>
[2026-03-28T18:58:41.062+0000] {taskinstance.py:1956} INFO - Dependencies all met for dep_context=requeueable deps ti=<TaskInstance: aerologix_opensky_to_gcs.extract_data scheduled__2026-03-27T00:00:00+00:00 [queued]>
[2026-03-28T18:58:41.062+0000] {taskinstance.py:2170} INFO - Starting attempt 1 of 1
[2026-03-28T18:58:41.066+0000] {taskinstance.py:2191} INFO - Executing <Task(PythonOperator): extract_data> on 2026-03-27 00:00:00+00:00
[2026-03-28T18:58:41.079+0000] {standard_task_runner.py:60} INFO - Started process 213 to run task
[2026-03-28T18:58:41.096+0000] {standard_task_runner.py:87} INFO - Running: ['***', 'tasks', 'run', 'aerologix_opensky_to_gcs', 'extract_data', 'scheduled__2026-03-27T00:00:00+00:00', '--job-id', '2', '--raw', '--subdir', 'DAGS_FOLDER/opensky_to_gcs.py', '--cfg-path', '/tmp/tmpl2xezksk']
[2026-03-28T18:58:41.113+0000] {standard_task_runner.py:88} INFO - Job 2: Subtask extract_data
[2026-03-28T18:58:41.234+0000] {task_command.py:423} INFO - Running <TaskInstance: aerologix_opensky_to_gcs.extract_data scheduled__2026-03-27T00:00:00+00:00 [running]> on host ba4ab8832143
[2026-03-28T18:58:41.327+0000] {taskinstance.py:2480} INFO - Exporting env vars: AIRFLOW_CTX_DAG_OWNER='***' AIRFLOW_CTX_DAG_ID='aerologix_opensky_to_gcs' AIRFLOW_CTX_TASK_ID='extract_data' AIRFLOW_CTX_EXECUTION_DATE='2026-03-27T00:00:00+00:00' AIRFLOW_CTX_TRY_NUMBER='1' AIRFLOW_CTX_DAG_RUN_ID='scheduled__2026-03-27T00:00:00+00:00'
[2026-03-28T18:58:41.347+0000] {logging_mixin.py:188} WARNING - /home/***/.local/lib/python3.10/site-packages/***/utils/context.py:315 AirflowContextDeprecationWarning: Accessing 'execution_date' from the template is deprecated and will be removed in a future version. Please use 'data_interval_start' or 'logical_date' instead.
[2026-03-28T18:58:42.026+0000] {taskinstance.py:2698} ERROR - Task failed with exception
Traceback (most recent call last):
  File "/home/airflow/.local/lib/python3.10/site-packages/requests/models.py", line 971, in json
    return complexjson.loads(self.text, **kwargs)
  File "/usr/local/lib/python3.10/json/__init__.py", line 346, in loads
    return _default_decoder.decode(s)
  File "/usr/local/lib/python3.10/json/decoder.py", line 337, in decode
    obj, end = self.raw_decode(s, idx=_w(s, 0).end())
  File "/usr/local/lib/python3.10/json/decoder.py", line 355, in raw_decode
    raise JSONDecodeError("Expecting value", s, err.value) from None
json.decoder.JSONDecodeError: Expecting value: line 1 column 1 (char 0)

During handling of the above exception, another exception occurred:

Traceback (most recent call last):
  File "/home/airflow/.local/lib/python3.10/site-packages/airflow/models/taskinstance.py", line 433, in _execute_task
    result = execute_callable(context=context, **execute_callable_kwargs)
  File "/home/airflow/.local/lib/python3.10/site-packages/airflow/operators/python.py", line 199, in execute
    return_value = self.execute_callable()
  File "/home/airflow/.local/lib/python3.10/site-packages/airflow/operators/python.py", line 216, in execute_callable
    return self.python_callable(*self.op_args, **self.op_kwargs)
  File "/opt/airflow/dags/opensky_to_gcs.py", line 18, in fetch_opensky_data
    response = requests.get(url).json()
  File "/home/airflow/.local/lib/python3.10/site-packages/requests/models.py", line 975, in json
    raise RequestsJSONDecodeError(e.msg, e.doc, e.pos)
requests.exceptions.JSONDecodeError: Expecting value: line 1 column 1 (char 0)
[2026-03-28T18:58:42.056+0000] {taskinstance.py:1138} INFO - Marking task as FAILED. dag_id=aerologix_opensky_to_gcs, task_id=extract_data, execution_date=20260327T000000, start_date=20260328T185841, end_date=20260328T185842
[2026-03-28T18:58:42.071+0000] {standard_task_runner.py:107} ERROR - Failed to execute job 2 for task extract_data (Expecting value: line 1 column 1 (char 0); 213)
[2026-03-28T18:58:42.109+0000] {local_task_job_runner.py:234} INFO - Task exited with return code 1
[2026-03-28T18:58:42.136+0000] {taskinstance.py:3280} INFO - 0 downstream tasks scheduled from follow-on schedule check
